{"numTotalTestSuites":3,"numPassedTestSuites":0,"numFailedTestSuites":3,"numPendingTestSuites":0,"numTotalTests":7,"numPassedTests":6,"numFailedTests":1,"numPendingTests":0,"numTodoTests":0,"snapshot":{"added":0,"failure":false,"filesAdded":0,"filesRemoved":0,"filesRemovedList":[],"filesUnmatched":0,"filesUpdated":0,"matched":0,"total":0,"unchecked":0,"uncheckedKeysByFile":[],"unmatched":0,"updated":0,"didUpdate":false},"startTime":1765661061792,"success":false,"testResults":[{"assertionResults":[{"ancestorTitles":["ScheduleManager","generate"],"fullName":"ScheduleManager generate should generate schedule without errors","status":"passed","title":"should generate schedule without errors","duration":20.037199999999984,"failureMessages":[],"meta":{}},{"ancestorTitles":["ScheduleManager","generate"],"fullName":"ScheduleManager generate should log generation start and end","status":"passed","title":"should log generation start and end","duration":0.5561999999999898,"failureMessages":[],"meta":{}},{"ancestorTitles":["ScheduleManager","generate"],"fullName":"ScheduleManager generate should allocate activities to schedule","status":"passed","title":"should allocate activities to schedule","duration":0.2583999999999378,"failureMessages":[],"meta":{}},{"ancestorTitles":["ScheduleManager","generate"],"fullName":"ScheduleManager generate should detect conflicts when teachers overlap","status":"passed","title":"should detect conflicts when teachers overlap","duration":1.7643000000000484,"failureMessages":[],"meta":{}},{"ancestorTitles":["ScheduleManager","generate"],"fullName":"ScheduleManager generate should handle double lessons","status":"passed","title":"should handle double lessons","duration":0.4354000000000724,"failureMessages":[],"meta":{}},{"ancestorTitles":["ScheduleManager","generate"],"fullName":"ScheduleManager generate should respect teacher unavailability","status":"passed","title":"should respect teacher unavailability","duration":0.3390999999999167,"failureMessages":[],"meta":{}},{"ancestorTitles":["ScheduleManager","generate"],"fullName":"ScheduleManager generate should fallback to single lessons if double lesson impossible","status":"failed","title":"should fallback to single lessons if double lesson impossible","duration":6.477000000000089,"failureMessages":["AssertionError: expected [ 'Terça-0', 'Terça-1' ] to include 'Segunda-0'\n    at Proxy.<anonymous> (file:///C:/Users/arthg/OneDrive/%C3%81rea%20de%20Trabalho/Grade%20Inteligente/node_modules/@vitest/expect/dist/index.js:1196:17)\n    at Proxy.<anonymous> (file:///C:/Users/arthg/OneDrive/%C3%81rea%20de%20Trabalho/Grade%20Inteligente/node_modules/@vitest/expect/dist/index.js:972:17)\n    at Proxy.methodWrapper (file:///C:/Users/arthg/OneDrive/%C3%81rea%20de%20Trabalho/Grade%20Inteligente/node_modules/chai/index.js:1686:25)\n    at C:\\Users\\arthg\\OneDrive\\Área de Trabalho\\Grade Inteligente\\web\\src\\models\\ScheduleManager.test.js:132:24\n    at file:///C:/Users/arthg/OneDrive/%C3%81rea%20de%20Trabalho/Grade%20Inteligente/node_modules/@vitest/runner/dist/index.js:146:14\n    at file:///C:/Users/arthg/OneDrive/%C3%81rea%20de%20Trabalho/Grade%20Inteligente/node_modules/@vitest/runner/dist/index.js:533:11\n    at runWithTimeout (file:///C:/Users/arthg/OneDrive/%C3%81rea%20de%20Trabalho/Grade%20Inteligente/node_modules/@vitest/runner/dist/index.js:39:7)\n    at runTest (file:///C:/Users/arthg/OneDrive/%C3%81rea%20de%20Trabalho/Grade%20Inteligente/node_modules/@vitest/runner/dist/index.js:1056:17)\n    at processTicksAndRejections (node:internal/process/task_queues:103:5)\n    at runSuite (file:///C:/Users/arthg/OneDrive/%C3%81rea%20de%20Trabalho/Grade%20Inteligente/node_modules/@vitest/runner/dist/index.js:1205:15)"],"meta":{}}],"startTime":1765661063142,"endTime":1765661063172.477,"status":"failed","message":"","name":"C:/Users/arthg/OneDrive/Área de Trabalho/Grade Inteligente/web/src/models/ScheduleManager.test.js"}]}